  [1m[35m (0.2ms)[0m  [1m[35mDROP TABLE IF EXISTS "finishers" CASCADE[0m
  [1m[35m (105.3ms)[0m  [1m[35mCREATE TABLE "finishers" ("id" bigserial primary key, "title" character varying NOT NULL, "is_last" character varying NOT NULL, "image_path" character varying, "middle_id" integer NOT NULL, "created_at" timestamp NOT NULL, "updated_at" timestamp NOT NULL)[0m
  [1m[35m (0.6ms)[0m  [1m[35mDROP TABLE IF EXISTS "middles" CASCADE[0m
  [1m[35m (106.0ms)[0m  [1m[35mCREATE TABLE "middles" ("id" bigserial primary key, "title" character varying NOT NULL, "is_last" character varying NOT NULL, "image_path" character varying, "starter_id" integer NOT NULL, "created_at" timestamp NOT NULL, "updated_at" timestamp NOT NULL)[0m
  [1m[35m (0.7ms)[0m  [1m[35mDROP TABLE IF EXISTS "setting_memberships" CASCADE[0m
  [1m[35m (59.2ms)[0m  [1m[35mCREATE TABLE "setting_memberships" ("id" bigserial primary key, "setting_id" integer NOT NULL, "finisher_id" integer NOT NULL, "created_at" timestamp NOT NULL, "updated_at" timestamp NOT NULL)[0m
  [1m[35m (0.6ms)[0m  [1m[35mDROP TABLE IF EXISTS "settings" CASCADE[0m
  [1m[35m (106.2ms)[0m  [1m[35mCREATE TABLE "settings" ("id" bigserial primary key, "title" character varying NOT NULL, "image_path" character varying, "created_at" timestamp NOT NULL, "updated_at" timestamp NOT NULL)[0m
  [1m[35m (0.6ms)[0m  [1m[35mDROP TABLE IF EXISTS "starters" CASCADE[0m
  [1m[35m (105.3ms)[0m  [1m[35mCREATE TABLE "starters" ("id" bigserial primary key, "title" character varying NOT NULL, "is_last" character varying NOT NULL, "image_path" character varying, "created_at" timestamp NOT NULL, "updated_at" timestamp NOT NULL)[0m
  [1m[35m (122.8ms)[0m  [1m[35mCREATE TABLE "schema_migrations" ("version" character varying NOT NULL PRIMARY KEY)[0m
  [1m[35m (0.4ms)[0m  [1m[34mSELECT "schema_migrations"."version" FROM "schema_migrations" ORDER BY "schema_migrations"."version" ASC[0m
  [1m[35m (13.7ms)[0m  [1m[32mINSERT INTO "schema_migrations" (version) VALUES (20180424002056)[0m
  [1m[35m (16.4ms)[0m  [1m[32mINSERT INTO "schema_migrations" (version) VALUES
(20180423183520),
(20180423185137),
(20180423183747),
(20180423184855),
(20180423185445);

[0m
  [1m[35m (120.8ms)[0m  [1m[35mCREATE TABLE "ar_internal_metadata" ("key" character varying NOT NULL PRIMARY KEY, "value" character varying, "created_at" timestamp NOT NULL, "updated_at" timestamp NOT NULL)[0m
  [1m[36mActiveRecord::InternalMetadata Load (1.0ms)[0m  [1m[34mSELECT  "ar_internal_metadata".* FROM "ar_internal_metadata" WHERE "ar_internal_metadata"."key" = $1 LIMIT $2[0m  [["key", "environment"], ["LIMIT", 1]]
  [1m[35m (0.4ms)[0m  [1m[35mBEGIN[0m
  [1m[35mSQL (1.0ms)[0m  [1m[32mINSERT INTO "ar_internal_metadata" ("key", "value", "created_at", "updated_at") VALUES ($1, $2, $3, $4) RETURNING "key"[0m  [["key", "environment"], ["value", "development"], ["created_at", "2018-04-25 00:48:06.858047"], ["updated_at", "2018-04-25 00:48:06.858047"]]
  [1m[35m (20.9ms)[0m  [1m[35mCOMMIT[0m
  [1m[36mActiveRecord::InternalMetadata Load (0.7ms)[0m  [1m[34mSELECT  "ar_internal_metadata".* FROM "ar_internal_metadata" WHERE "ar_internal_metadata"."key" = $1 LIMIT $2[0m  [["key", "environment"], ["LIMIT", 1]]
  [1m[35m (0.4ms)[0m  [1m[35mBEGIN[0m
  [1m[35m (0.4ms)[0m  [1m[35mCOMMIT[0m
  [1m[35m (0.2ms)[0m  [1m[35mDROP TABLE IF EXISTS "finishers" CASCADE[0m
  [1m[35m (124.8ms)[0m  [1m[35mCREATE TABLE "finishers" ("id" bigserial primary key, "title" character varying NOT NULL, "is_last" character varying NOT NULL, "image_path" character varying, "middle_id" integer NOT NULL, "created_at" timestamp NOT NULL, "updated_at" timestamp NOT NULL)[0m
  [1m[35m (0.2ms)[0m  [1m[35mDROP TABLE IF EXISTS "middles" CASCADE[0m
  [1m[35m (121.0ms)[0m  [1m[35mCREATE TABLE "middles" ("id" bigserial primary key, "title" character varying NOT NULL, "is_last" character varying NOT NULL, "image_path" character varying, "starter_id" integer NOT NULL, "created_at" timestamp NOT NULL, "updated_at" timestamp NOT NULL)[0m
  [1m[35m (0.6ms)[0m  [1m[35mDROP TABLE IF EXISTS "setting_memberships" CASCADE[0m
  [1m[35m (84.1ms)[0m  [1m[35mCREATE TABLE "setting_memberships" ("id" bigserial primary key, "setting_id" integer NOT NULL, "finisher_id" integer NOT NULL, "created_at" timestamp NOT NULL, "updated_at" timestamp NOT NULL)[0m
  [1m[35m (0.6ms)[0m  [1m[35mDROP TABLE IF EXISTS "settings" CASCADE[0m
  [1m[35m (141.4ms)[0m  [1m[35mCREATE TABLE "settings" ("id" bigserial primary key, "title" character varying NOT NULL, "image_path" character varying, "created_at" timestamp NOT NULL, "updated_at" timestamp NOT NULL)[0m
  [1m[35m (0.6ms)[0m  [1m[35mDROP TABLE IF EXISTS "starters" CASCADE[0m
  [1m[35m (142.3ms)[0m  [1m[35mCREATE TABLE "starters" ("id" bigserial primary key, "title" character varying NOT NULL, "is_last" character varying NOT NULL, "image_path" character varying, "created_at" timestamp NOT NULL, "updated_at" timestamp NOT NULL)[0m
  [1m[35m (181.0ms)[0m  [1m[35mCREATE TABLE "schema_migrations" ("version" character varying NOT NULL PRIMARY KEY)[0m
  [1m[35m (0.6ms)[0m  [1m[34mSELECT "schema_migrations"."version" FROM "schema_migrations" ORDER BY "schema_migrations"."version" ASC[0m
  [1m[35m (15.1ms)[0m  [1m[32mINSERT INTO "schema_migrations" (version) VALUES (20180424002056)[0m
  [1m[35m (34.0ms)[0m  [1m[32mINSERT INTO "schema_migrations" (version) VALUES
(20180423183520),
(20180423185137),
(20180423183747),
(20180423184855),
(20180423185445);

[0m
  [1m[35m (461.0ms)[0m  [1m[35mCREATE TABLE "ar_internal_metadata" ("key" character varying NOT NULL PRIMARY KEY, "value" character varying, "created_at" timestamp NOT NULL, "updated_at" timestamp NOT NULL)[0m
  [1m[36mActiveRecord::InternalMetadata Load (1.1ms)[0m  [1m[34mSELECT  "ar_internal_metadata".* FROM "ar_internal_metadata" WHERE "ar_internal_metadata"."key" = $1 LIMIT $2[0m  [["key", "environment"], ["LIMIT", 1]]
  [1m[35m (0.5ms)[0m  [1m[35mBEGIN[0m
  [1m[35mSQL (1.0ms)[0m  [1m[32mINSERT INTO "ar_internal_metadata" ("key", "value", "created_at", "updated_at") VALUES ($1, $2, $3, $4) RETURNING "key"[0m  [["key", "environment"], ["value", "development"], ["created_at", "2018-04-25 00:48:08.238650"], ["updated_at", "2018-04-25 00:48:08.238650"]]
  [1m[35m (16.6ms)[0m  [1m[35mCOMMIT[0m
  [1m[36mActiveRecord::InternalMetadata Load (0.6ms)[0m  [1m[34mSELECT  "ar_internal_metadata".* FROM "ar_internal_metadata" WHERE "ar_internal_metadata"."key" = $1 LIMIT $2[0m  [["key", "environment"], ["LIMIT", 1]]
  [1m[35m (0.4ms)[0m  [1m[35mBEGIN[0m
  [1m[35mSQL (0.8ms)[0m  [1m[33mUPDATE "ar_internal_metadata" SET "value" = $1, "updated_at" = $2 WHERE "ar_internal_metadata"."key" = $3[0m  [["value", "test"], ["updated_at", "2018-04-25 00:48:08.264147"], ["key", "environment"]]
  [1m[35m (16.7ms)[0m  [1m[35mCOMMIT[0m
  [1m[35m (1.5ms)[0m  [1m[34mSELECT "schema_migrations"."version" FROM "schema_migrations" ORDER BY "schema_migrations"."version" ASC[0m
